{"/Users/ramongr/Documents/Projects/js/op-array/operations/collections.js": {"path":"/Users/ramongr/Documents/Projects/js/op-array/operations/collections.js","statementMap":{"0":{"start":{"line":9,"column":0},"end":{"line":11,"column":2}},"1":{"start":{"line":10,"column":2},"end":{"line":10,"column":69}},"2":{"start":{"line":10,"column":29},"end":{"line":10,"column":67}},"3":{"start":{"line":18,"column":0},"end":{"line":20,"column":2}},"4":{"start":{"line":19,"column":2},"end":{"line":19,"column":43}},"5":{"start":{"line":19,"column":29},"end":{"line":19,"column":41}},"6":{"start":{"line":28,"column":0},"end":{"line":30,"column":2}},"7":{"start":{"line":29,"column":2},"end":{"line":29,"column":71}},"8":{"start":{"line":29,"column":31},"end":{"line":29,"column":69}},"9":{"start":{"line":37,"column":0},"end":{"line":41,"column":2}},"10":{"start":{"line":38,"column":23},"end":{"line":38,"column":74}},"11":{"start":{"line":38,"column":38},"end":{"line":38,"column":74}},"12":{"start":{"line":40,"column":2},"end":{"line":40,"column":39}}},"fnMap":{"0":{"name":"(anonymous_0)","decl":{"start":{"line":9,"column":25},"end":{"line":9,"column":26}},"loc":{"start":{"line":9,"column":46},"end":{"line":11,"column":1}},"line":9},"1":{"name":"(anonymous_1)","decl":{"start":{"line":10,"column":19},"end":{"line":10,"column":20}},"loc":{"start":{"line":10,"column":29},"end":{"line":10,"column":67}},"line":10},"2":{"name":"(anonymous_2)","decl":{"start":{"line":18,"column":27},"end":{"line":18,"column":28}},"loc":{"start":{"line":18,"column":43},"end":{"line":20,"column":1}},"line":18},"3":{"name":"(anonymous_3)","decl":{"start":{"line":19,"column":19},"end":{"line":19,"column":20}},"loc":{"start":{"line":19,"column":29},"end":{"line":19,"column":41}},"line":19},"4":{"name":"(anonymous_4)","decl":{"start":{"line":28,"column":24},"end":{"line":28,"column":25}},"loc":{"start":{"line":28,"column":45},"end":{"line":30,"column":1}},"line":28},"5":{"name":"(anonymous_5)","decl":{"start":{"line":29,"column":21},"end":{"line":29,"column":22}},"loc":{"start":{"line":29,"column":31},"end":{"line":29,"column":69}},"line":29},"6":{"name":"(anonymous_6)","decl":{"start":{"line":37,"column":26},"end":{"line":37,"column":27}},"loc":{"start":{"line":37,"column":41},"end":{"line":41,"column":1}},"line":37},"7":{"name":"(anonymous_7)","decl":{"start":{"line":38,"column":23},"end":{"line":38,"column":24}},"loc":{"start":{"line":38,"column":38},"end":{"line":38,"column":74}},"line":38}},"branchMap":{},"s":{"0":1,"1":3,"2":8,"3":1,"4":3,"5":8,"6":1,"7":4,"8":24,"9":1,"10":3,"11":18,"12":3},"f":{"0":3,"1":8,"2":3,"3":8,"4":4,"5":24,"6":3,"7":18},"b":{},"_coverageSchema":"1a1c01bbd47fc00a2c39e90264f33305004495a9","hash":"afd1900e718ec943710288237848641ef9d4bc3a"}
,"/Users/ramongr/Documents/Projects/js/op-array/operations/logical.js": {"path":"/Users/ramongr/Documents/Projects/js/op-array/operations/logical.js","statementMap":{"0":{"start":{"line":1,"column":0},"end":{"line":5,"column":1}},"1":{"start":{"line":2,"column":2},"end":{"line":4,"column":4}},"2":{"start":{"line":3,"column":4},"end":{"line":3,"column":59}},"3":{"start":{"line":3,"column":33},"end":{"line":3,"column":57}},"4":{"start":{"line":7,"column":0},"end":{"line":15,"column":1}},"5":{"start":{"line":8,"column":2},"end":{"line":14,"column":4}},"6":{"start":{"line":9,"column":4},"end":{"line":11,"column":5}},"7":{"start":{"line":10,"column":6},"end":{"line":10,"column":19}},"8":{"start":{"line":12,"column":16},"end":{"line":12,"column":72}},"9":{"start":{"line":13,"column":4},"end":{"line":13,"column":56}},"10":{"start":{"line":17,"column":0},"end":{"line":23,"column":1}},"11":{"start":{"line":18,"column":2},"end":{"line":22,"column":4}},"12":{"start":{"line":19,"column":16},"end":{"line":19,"column":72}},"13":{"start":{"line":21,"column":4},"end":{"line":21,"column":59}},"14":{"start":{"line":21,"column":33},"end":{"line":21,"column":57}},"15":{"start":{"line":26,"column":0},"end":{"line":32,"column":1}},"16":{"start":{"line":27,"column":2},"end":{"line":31,"column":4}},"17":{"start":{"line":28,"column":29},"end":{"line":28,"column":45}},"18":{"start":{"line":30,"column":4},"end":{"line":30,"column":42}}},"fnMap":{"0":{"name":"(anonymous_0)","decl":{"start":{"line":2,"column":33},"end":{"line":2,"column":34}},"loc":{"start":{"line":2,"column":47},"end":{"line":4,"column":3}},"line":2},"1":{"name":"(anonymous_1)","decl":{"start":{"line":3,"column":23},"end":{"line":3,"column":24}},"loc":{"start":{"line":3,"column":33},"end":{"line":3,"column":57}},"line":3},"2":{"name":"(anonymous_2)","decl":{"start":{"line":8,"column":27},"end":{"line":8,"column":28}},"loc":{"start":{"line":8,"column":54},"end":{"line":14,"column":3}},"line":8},"3":{"name":"(anonymous_3)","decl":{"start":{"line":18,"column":27},"end":{"line":18,"column":28}},"loc":{"start":{"line":18,"column":49},"end":{"line":22,"column":3}},"line":18},"4":{"name":"(anonymous_4)","decl":{"start":{"line":21,"column":23},"end":{"line":21,"column":24}},"loc":{"start":{"line":21,"column":33},"end":{"line":21,"column":57}},"line":21},"5":{"name":"(anonymous_5)","decl":{"start":{"line":27,"column":26},"end":{"line":27,"column":27}},"loc":{"start":{"line":27,"column":40},"end":{"line":31,"column":3}},"line":27}},"branchMap":{"0":{"loc":{"start":{"line":1,"column":0},"end":{"line":5,"column":1}},"type":"if","locations":[{"start":{"line":1,"column":0},"end":{"line":5,"column":1}},{"start":{"line":1,"column":0},"end":{"line":5,"column":1}}],"line":1},"1":{"loc":{"start":{"line":7,"column":0},"end":{"line":15,"column":1}},"type":"if","locations":[{"start":{"line":7,"column":0},"end":{"line":15,"column":1}},{"start":{"line":7,"column":0},"end":{"line":15,"column":1}}],"line":7},"2":{"loc":{"start":{"line":8,"column":36},"end":{"line":8,"column":52}},"type":"default-arg","locations":[{"start":{"line":8,"column":50},"end":{"line":8,"column":52}}],"line":8},"3":{"loc":{"start":{"line":9,"column":4},"end":{"line":11,"column":5}},"type":"if","locations":[{"start":{"line":9,"column":4},"end":{"line":11,"column":5}},{"start":{"line":9,"column":4},"end":{"line":11,"column":5}}],"line":9},"4":{"loc":{"start":{"line":12,"column":16},"end":{"line":12,"column":72}},"type":"cond-expr","locations":[{"start":{"line":12,"column":45},"end":{"line":12,"column":56}},{"start":{"line":12,"column":59},"end":{"line":12,"column":72}}],"line":12},"5":{"loc":{"start":{"line":17,"column":0},"end":{"line":23,"column":1}},"type":"if","locations":[{"start":{"line":17,"column":0},"end":{"line":23,"column":1}},{"start":{"line":17,"column":0},"end":{"line":23,"column":1}}],"line":17},"6":{"loc":{"start":{"line":19,"column":16},"end":{"line":19,"column":72}},"type":"cond-expr","locations":[{"start":{"line":19,"column":45},"end":{"line":19,"column":56}},{"start":{"line":19,"column":59},"end":{"line":19,"column":72}}],"line":19},"7":{"loc":{"start":{"line":26,"column":0},"end":{"line":32,"column":1}},"type":"if","locations":[{"start":{"line":26,"column":0},"end":{"line":32,"column":1}},{"start":{"line":26,"column":0},"end":{"line":32,"column":1}}],"line":26}},"s":{"0":1,"1":1,"2":7,"3":21,"4":1,"5":1,"6":6,"7":1,"8":5,"9":5,"10":1,"11":1,"12":8,"13":8,"14":21,"15":1,"16":1,"17":3,"18":3},"f":{"0":7,"1":21,"2":6,"3":8,"4":21,"5":3},"b":{"0":[1,0],"1":[1,0],"2":[0],"3":[1,5],"4":[3,2],"5":[1,0],"6":[6,2],"7":[1,0]},"_coverageSchema":"1a1c01bbd47fc00a2c39e90264f33305004495a9","hash":"18ac896b6925da2c5e3aa5ad822353a1444fab6d"}
,"/Users/ramongr/Documents/Projects/js/op-array/operations/numerical.js": {"path":"/Users/ramongr/Documents/Projects/js/op-array/operations/numerical.js","statementMap":{"0":{"start":{"line":7,"column":0},"end":{"line":11,"column":1}},"1":{"start":{"line":8,"column":2},"end":{"line":10,"column":4}},"2":{"start":{"line":9,"column":4},"end":{"line":9,"column":29}},"3":{"start":{"line":13,"column":0},"end":{"line":17,"column":1}},"4":{"start":{"line":14,"column":2},"end":{"line":16,"column":4}},"5":{"start":{"line":15,"column":4},"end":{"line":15,"column":29}},"6":{"start":{"line":20,"column":0},"end":{"line":24,"column":1}},"7":{"start":{"line":21,"column":2},"end":{"line":23,"column":3}},"8":{"start":{"line":22,"column":4},"end":{"line":22,"column":36}},"9":{"start":{"line":26,"column":0},"end":{"line":30,"column":1}},"10":{"start":{"line":27,"column":2},"end":{"line":29,"column":3}},"11":{"start":{"line":28,"column":4},"end":{"line":28,"column":36}},"12":{"start":{"line":32,"column":0},"end":{"line":36,"column":1}},"13":{"start":{"line":33,"column":2},"end":{"line":35,"column":3}},"14":{"start":{"line":34,"column":4},"end":{"line":34,"column":39}},"15":{"start":{"line":38,"column":0},"end":{"line":42,"column":1}},"16":{"start":{"line":39,"column":2},"end":{"line":41,"column":4}},"17":{"start":{"line":40,"column":4},"end":{"line":40,"column":36}},"18":{"start":{"line":44,"column":0},"end":{"line":48,"column":1}},"19":{"start":{"line":45,"column":2},"end":{"line":47,"column":4}},"20":{"start":{"line":46,"column":4},"end":{"line":46,"column":31}},"21":{"start":{"line":50,"column":0},"end":{"line":62,"column":1}},"22":{"start":{"line":51,"column":2},"end":{"line":61,"column":4}},"23":{"start":{"line":52,"column":24},"end":{"line":52,"column":35}},"24":{"start":{"line":53,"column":17},"end":{"line":53,"column":39}},"25":{"start":{"line":54,"column":19},"end":{"line":54,"column":40}},"26":{"start":{"line":56,"column":4},"end":{"line":58,"column":5}},"27":{"start":{"line":57,"column":6},"end":{"line":57,"column":48}},"28":{"start":{"line":60,"column":4},"end":{"line":60,"column":18}},"29":{"start":{"line":64,"column":0},"end":{"line":75,"column":1}},"30":{"start":{"line":65,"column":23},"end":{"line":65,"column":41}},"31":{"start":{"line":65,"column":32},"end":{"line":65,"column":41}},"32":{"start":{"line":66,"column":24},"end":{"line":66,"column":43}},"33":{"start":{"line":66,"column":33},"end":{"line":66,"column":43}},"34":{"start":{"line":68,"column":2},"end":{"line":74,"column":4}},"35":{"start":{"line":69,"column":24},"end":{"line":69,"column":42}},"36":{"start":{"line":70,"column":29},"end":{"line":70,"column":65}},"37":{"start":{"line":71,"column":34},"end":{"line":71,"column":76}},"38":{"start":{"line":71,"column":50},"end":{"line":71,"column":76}},"39":{"start":{"line":73,"column":4},"end":{"line":73,"column":71}}},"fnMap":{"0":{"name":"(anonymous_0)","decl":{"start":{"line":8,"column":24},"end":{"line":8,"column":25}},"loc":{"start":{"line":8,"column":35},"end":{"line":10,"column":3}},"line":8},"1":{"name":"(anonymous_1)","decl":{"start":{"line":14,"column":24},"end":{"line":14,"column":25}},"loc":{"start":{"line":14,"column":35},"end":{"line":16,"column":3}},"line":14},"2":{"name":"(anonymous_2)","decl":{"start":{"line":21,"column":24},"end":{"line":21,"column":25}},"loc":{"start":{"line":21,"column":35},"end":{"line":23,"column":3}},"line":21},"3":{"name":"(anonymous_3)","decl":{"start":{"line":27,"column":32},"end":{"line":27,"column":33}},"loc":{"start":{"line":27,"column":43},"end":{"line":29,"column":3}},"line":27},"4":{"name":"(anonymous_4)","decl":{"start":{"line":33,"column":28},"end":{"line":33,"column":29}},"loc":{"start":{"line":33,"column":39},"end":{"line":35,"column":3}},"line":33},"5":{"name":"(anonymous_5)","decl":{"start":{"line":39,"column":28},"end":{"line":39,"column":29}},"loc":{"start":{"line":39,"column":39},"end":{"line":41,"column":3}},"line":39},"6":{"name":"(anonymous_6)","decl":{"start":{"line":45,"column":33},"end":{"line":45,"column":34}},"loc":{"start":{"line":45,"column":44},"end":{"line":47,"column":3}},"line":45},"7":{"name":"(anonymous_7)","decl":{"start":{"line":51,"column":27},"end":{"line":51,"column":28}},"loc":{"start":{"line":51,"column":38},"end":{"line":61,"column":3}},"line":51},"8":{"name":"(anonymous_8)","decl":{"start":{"line":65,"column":23},"end":{"line":65,"column":24}},"loc":{"start":{"line":65,"column":32},"end":{"line":65,"column":41}},"line":65},"9":{"name":"(anonymous_9)","decl":{"start":{"line":66,"column":24},"end":{"line":66,"column":25}},"loc":{"start":{"line":66,"column":33},"end":{"line":66,"column":43}},"line":66},"10":{"name":"(anonymous_10)","decl":{"start":{"line":68,"column":25},"end":{"line":68,"column":26}},"loc":{"start":{"line":68,"column":36},"end":{"line":74,"column":3}},"line":68},"11":{"name":"(anonymous_11)","decl":{"start":{"line":71,"column":34},"end":{"line":71,"column":35}},"loc":{"start":{"line":71,"column":50},"end":{"line":71,"column":76}},"line":71}},"branchMap":{"0":{"loc":{"start":{"line":7,"column":0},"end":{"line":11,"column":1}},"type":"if","locations":[{"start":{"line":7,"column":0},"end":{"line":11,"column":1}},{"start":{"line":7,"column":0},"end":{"line":11,"column":1}}],"line":7},"1":{"loc":{"start":{"line":13,"column":0},"end":{"line":17,"column":1}},"type":"if","locations":[{"start":{"line":13,"column":0},"end":{"line":17,"column":1}},{"start":{"line":13,"column":0},"end":{"line":17,"column":1}}],"line":13},"2":{"loc":{"start":{"line":20,"column":0},"end":{"line":24,"column":1}},"type":"if","locations":[{"start":{"line":20,"column":0},"end":{"line":24,"column":1}},{"start":{"line":20,"column":0},"end":{"line":24,"column":1}}],"line":20},"3":{"loc":{"start":{"line":26,"column":0},"end":{"line":30,"column":1}},"type":"if","locations":[{"start":{"line":26,"column":0},"end":{"line":30,"column":1}},{"start":{"line":26,"column":0},"end":{"line":30,"column":1}}],"line":26},"4":{"loc":{"start":{"line":32,"column":0},"end":{"line":36,"column":1}},"type":"if","locations":[{"start":{"line":32,"column":0},"end":{"line":36,"column":1}},{"start":{"line":32,"column":0},"end":{"line":36,"column":1}}],"line":32},"5":{"loc":{"start":{"line":38,"column":0},"end":{"line":42,"column":1}},"type":"if","locations":[{"start":{"line":38,"column":0},"end":{"line":42,"column":1}},{"start":{"line":38,"column":0},"end":{"line":42,"column":1}}],"line":38},"6":{"loc":{"start":{"line":44,"column":0},"end":{"line":48,"column":1}},"type":"if","locations":[{"start":{"line":44,"column":0},"end":{"line":48,"column":1}},{"start":{"line":44,"column":0},"end":{"line":48,"column":1}}],"line":44},"7":{"loc":{"start":{"line":50,"column":0},"end":{"line":62,"column":1}},"type":"if","locations":[{"start":{"line":50,"column":0},"end":{"line":62,"column":1}},{"start":{"line":50,"column":0},"end":{"line":62,"column":1}}],"line":50},"8":{"loc":{"start":{"line":56,"column":4},"end":{"line":58,"column":5}},"type":"if","locations":[{"start":{"line":56,"column":4},"end":{"line":58,"column":5}},{"start":{"line":56,"column":4},"end":{"line":58,"column":5}}],"line":56},"9":{"loc":{"start":{"line":64,"column":0},"end":{"line":75,"column":1}},"type":"if","locations":[{"start":{"line":64,"column":0},"end":{"line":75,"column":1}},{"start":{"line":64,"column":0},"end":{"line":75,"column":1}}],"line":64}},"s":{"0":1,"1":1,"2":1,"3":1,"4":1,"5":3,"6":1,"7":1,"8":2,"9":1,"10":1,"11":1,"12":1,"13":1,"14":1,"15":1,"16":1,"17":1,"18":1,"19":1,"20":2,"21":1,"22":1,"23":2,"24":2,"25":2,"26":2,"27":1,"28":1,"29":1,"30":1,"31":4,"32":1,"33":7,"34":1,"35":2,"36":2,"37":2,"38":7,"39":2},"f":{"0":1,"1":3,"2":2,"3":1,"4":1,"5":1,"6":2,"7":2,"8":4,"9":7,"10":2,"11":7},"b":{"0":[1,0],"1":[1,0],"2":[1,0],"3":[1,0],"4":[1,0],"5":[1,0],"6":[1,0],"7":[1,0],"8":[1,1],"9":[1,0]},"_coverageSchema":"1a1c01bbd47fc00a2c39e90264f33305004495a9","hash":"816054aa78c2994e9d13b0092b5458207487b70b"}
,"/Users/ramongr/Documents/Projects/js/op-array/operations/positional.js": {"path":"/Users/ramongr/Documents/Projects/js/op-array/operations/positional.js","statementMap":{"0":{"start":{"line":1,"column":0},"end":{"line":5,"column":3}},"1":{"start":{"line":3,"column":4},"end":{"line":3,"column":19}},"2":{"start":{"line":8,"column":0},"end":{"line":12,"column":3}},"3":{"start":{"line":10,"column":4},"end":{"line":10,"column":19}},"4":{"start":{"line":14,"column":0},"end":{"line":18,"column":3}},"5":{"start":{"line":16,"column":4},"end":{"line":16,"column":19}},"6":{"start":{"line":20,"column":0},"end":{"line":24,"column":3}},"7":{"start":{"line":22,"column":4},"end":{"line":22,"column":33}}},"fnMap":{"0":{"name":"(anonymous_0)","decl":{"start":{"line":2,"column":7},"end":{"line":2,"column":8}},"loc":{"start":{"line":2,"column":18},"end":{"line":4,"column":3}},"line":2},"1":{"name":"(anonymous_1)","decl":{"start":{"line":9,"column":7},"end":{"line":9,"column":8}},"loc":{"start":{"line":9,"column":18},"end":{"line":11,"column":3}},"line":9},"2":{"name":"(anonymous_2)","decl":{"start":{"line":15,"column":7},"end":{"line":15,"column":8}},"loc":{"start":{"line":15,"column":18},"end":{"line":17,"column":3}},"line":15},"3":{"name":"(anonymous_3)","decl":{"start":{"line":21,"column":7},"end":{"line":21,"column":8}},"loc":{"start":{"line":21,"column":18},"end":{"line":23,"column":3}},"line":21}},"branchMap":{},"s":{"0":2,"1":5,"2":2,"3":8,"4":2,"5":1,"6":2,"7":1},"f":{"0":5,"1":8,"2":1,"3":1},"b":{},"_coverageSchema":"1a1c01bbd47fc00a2c39e90264f33305004495a9","hash":"57cafbd471663161d38b25dbd4baa2a218cd4f5e"}
,"/Users/ramongr/Documents/Projects/js/op-array/operations/transformations.js": {"path":"/Users/ramongr/Documents/Projects/js/op-array/operations/transformations.js","statementMap":{"0":{"start":{"line":3,"column":0},"end":{"line":7,"column":1}},"1":{"start":{"line":4,"column":2},"end":{"line":6,"column":4}},"2":{"start":{"line":5,"column":4},"end":{"line":5,"column":37}},"3":{"start":{"line":9,"column":0},"end":{"line":13,"column":1}},"4":{"start":{"line":10,"column":2},"end":{"line":12,"column":4}},"5":{"start":{"line":11,"column":4},"end":{"line":11,"column":71}},"6":{"start":{"line":11,"column":45},"end":{"line":11,"column":69}},"7":{"start":{"line":15,"column":0},"end":{"line":27,"column":1}},"8":{"start":{"line":16,"column":2},"end":{"line":26,"column":4}},"9":{"start":{"line":17,"column":19},"end":{"line":17,"column":50}},"10":{"start":{"line":19,"column":4},"end":{"line":25,"column":11}},"11":{"start":{"line":20,"column":6},"end":{"line":22,"column":7}},"12":{"start":{"line":21,"column":8},"end":{"line":21,"column":46}},"13":{"start":{"line":24,"column":6},"end":{"line":24,"column":21}},"14":{"start":{"line":29,"column":0},"end":{"line":37,"column":1}},"15":{"start":{"line":30,"column":2},"end":{"line":36,"column":4}},"16":{"start":{"line":31,"column":4},"end":{"line":35,"column":11}},"17":{"start":{"line":34,"column":10},"end":{"line":34,"column":51}},"18":{"start":{"line":39,"column":0},"end":{"line":52,"column":1}},"19":{"start":{"line":40,"column":2},"end":{"line":51,"column":4}},"20":{"start":{"line":41,"column":24},"end":{"line":41,"column":33}},"21":{"start":{"line":42,"column":4},"end":{"line":49,"column":7}},"22":{"start":{"line":43,"column":24},"end":{"line":43,"column":45}},"23":{"start":{"line":44,"column":6},"end":{"line":48,"column":7}},"24":{"start":{"line":45,"column":8},"end":{"line":45,"column":33}},"25":{"start":{"line":47,"column":8},"end":{"line":47,"column":45}},"26":{"start":{"line":50,"column":4},"end":{"line":50,"column":35}},"27":{"start":{"line":54,"column":0},"end":{"line":58,"column":1}},"28":{"start":{"line":55,"column":2},"end":{"line":57,"column":4}},"29":{"start":{"line":56,"column":4},"end":{"line":56,"column":33}},"30":{"start":{"line":60,"column":0},"end":{"line":67,"column":1}},"31":{"start":{"line":61,"column":2},"end":{"line":66,"column":4}},"32":{"start":{"line":62,"column":4},"end":{"line":65,"column":11}},"33":{"start":{"line":63,"column":20},"end":{"line":63,"column":53}},"34":{"start":{"line":63,"column":40},"end":{"line":63,"column":51}},"35":{"start":{"line":64,"column":6},"end":{"line":64,"column":45}}},"fnMap":{"0":{"name":"(anonymous_0)","decl":{"start":{"line":4,"column":27},"end":{"line":4,"column":28}},"loc":{"start":{"line":4,"column":38},"end":{"line":6,"column":3}},"line":4},"1":{"name":"(anonymous_1)","decl":{"start":{"line":10,"column":25},"end":{"line":10,"column":26}},"loc":{"start":{"line":10,"column":36},"end":{"line":12,"column":3}},"line":10},"2":{"name":"(anonymous_2)","decl":{"start":{"line":11,"column":23},"end":{"line":11,"column":24}},"loc":{"start":{"line":11,"column":45},"end":{"line":11,"column":69}},"line":11},"3":{"name":"(anonymous_3)","decl":{"start":{"line":16,"column":30},"end":{"line":16,"column":31}},"loc":{"start":{"line":16,"column":47},"end":{"line":26,"column":3}},"line":16},"4":{"name":"(anonymous_4)","decl":{"start":{"line":19,"column":23},"end":{"line":19,"column":24}},"loc":{"start":{"line":19,"column":46},"end":{"line":25,"column":5}},"line":19},"5":{"name":"(anonymous_5)","decl":{"start":{"line":30,"column":29},"end":{"line":30,"column":30}},"loc":{"start":{"line":30,"column":46},"end":{"line":36,"column":3}},"line":30},"6":{"name":"(anonymous_6)","decl":{"start":{"line":33,"column":13},"end":{"line":33,"column":14}},"loc":{"start":{"line":33,"column":42},"end":{"line":35,"column":9}},"line":33},"7":{"name":"(anonymous_7)","decl":{"start":{"line":40,"column":32},"end":{"line":40,"column":33}},"loc":{"start":{"line":40,"column":43},"end":{"line":51,"column":3}},"line":40},"8":{"name":"(anonymous_8)","decl":{"start":{"line":42,"column":17},"end":{"line":42,"column":18}},"loc":{"start":{"line":42,"column":27},"end":{"line":49,"column":5}},"line":42},"9":{"name":"(anonymous_9)","decl":{"start":{"line":55,"column":28},"end":{"line":55,"column":29}},"loc":{"start":{"line":55,"column":39},"end":{"line":57,"column":3}},"line":55},"10":{"name":"(anonymous_10)","decl":{"start":{"line":61,"column":24},"end":{"line":61,"column":25}},"loc":{"start":{"line":61,"column":42},"end":{"line":66,"column":3}},"line":61},"11":{"name":"(anonymous_11)","decl":{"start":{"line":62,"column":23},"end":{"line":62,"column":24}},"loc":{"start":{"line":62,"column":53},"end":{"line":65,"column":5}},"line":62},"12":{"name":"(anonymous_12)","decl":{"start":{"line":63,"column":29},"end":{"line":63,"column":30}},"loc":{"start":{"line":63,"column":40},"end":{"line":63,"column":51}},"line":63}},"branchMap":{"0":{"loc":{"start":{"line":3,"column":0},"end":{"line":7,"column":1}},"type":"if","locations":[{"start":{"line":3,"column":0},"end":{"line":7,"column":1}},{"start":{"line":3,"column":0},"end":{"line":7,"column":1}}],"line":3},"1":{"loc":{"start":{"line":9,"column":0},"end":{"line":13,"column":1}},"type":"if","locations":[{"start":{"line":9,"column":0},"end":{"line":13,"column":1}},{"start":{"line":9,"column":0},"end":{"line":13,"column":1}}],"line":9},"2":{"loc":{"start":{"line":15,"column":0},"end":{"line":27,"column":1}},"type":"if","locations":[{"start":{"line":15,"column":0},"end":{"line":27,"column":1}},{"start":{"line":15,"column":0},"end":{"line":27,"column":1}}],"line":15},"3":{"loc":{"start":{"line":20,"column":6},"end":{"line":22,"column":7}},"type":"if","locations":[{"start":{"line":20,"column":6},"end":{"line":22,"column":7}},{"start":{"line":20,"column":6},"end":{"line":22,"column":7}}],"line":20},"4":{"loc":{"start":{"line":20,"column":10},"end":{"line":20,"column":45}},"type":"binary-expr","locations":[{"start":{"line":20,"column":10},"end":{"line":20,"column":21}},{"start":{"line":20,"column":25},"end":{"line":20,"column":45}}],"line":20},"5":{"loc":{"start":{"line":29,"column":0},"end":{"line":37,"column":1}},"type":"if","locations":[{"start":{"line":29,"column":0},"end":{"line":37,"column":1}},{"start":{"line":29,"column":0},"end":{"line":37,"column":1}}],"line":29},"6":{"loc":{"start":{"line":39,"column":0},"end":{"line":52,"column":1}},"type":"if","locations":[{"start":{"line":39,"column":0},"end":{"line":52,"column":1}},{"start":{"line":39,"column":0},"end":{"line":52,"column":1}}],"line":39},"7":{"loc":{"start":{"line":44,"column":6},"end":{"line":48,"column":7}},"type":"if","locations":[{"start":{"line":44,"column":6},"end":{"line":48,"column":7}},{"start":{"line":44,"column":6},"end":{"line":48,"column":7}}],"line":44},"8":{"loc":{"start":{"line":54,"column":0},"end":{"line":58,"column":1}},"type":"if","locations":[{"start":{"line":54,"column":0},"end":{"line":58,"column":1}},{"start":{"line":54,"column":0},"end":{"line":58,"column":1}}],"line":54},"9":{"loc":{"start":{"line":60,"column":0},"end":{"line":67,"column":1}},"type":"if","locations":[{"start":{"line":60,"column":0},"end":{"line":67,"column":1}},{"start":{"line":60,"column":0},"end":{"line":67,"column":1}}],"line":60}},"s":{"0":2,"1":2,"2":1,"3":2,"4":2,"5":1,"6":1,"7":2,"8":2,"9":1,"10":1,"11":4,"12":2,"13":4,"14":2,"15":2,"16":1,"17":2,"18":2,"19":2,"20":3,"21":3,"22":12,"23":12,"24":10,"25":2,"26":3,"27":2,"28":2,"29":1,"30":2,"31":2,"32":3,"33":9,"34":12,"35":9},"f":{"0":1,"1":1,"2":1,"3":1,"4":4,"5":1,"6":2,"7":3,"8":12,"9":1,"10":3,"11":9,"12":12},"b":{"0":[2,0],"1":[2,0],"2":[2,0],"3":[2,2],"4":[4,3],"5":[2,0],"6":[2,0],"7":[10,2],"8":[2,0],"9":[2,0]},"_coverageSchema":"1a1c01bbd47fc00a2c39e90264f33305004495a9","hash":"eb4de0d5605213da55d508e23cd9d60bc582ed94"}
,"/Users/ramongr/Documents/Projects/js/op-array/shared/arithmetic.js": {"path":"/Users/ramongr/Documents/Projects/js/op-array/shared/arithmetic.js","statementMap":{"0":{"start":{"line":8,"column":2},"end":{"line":8,"column":22}},"1":{"start":{"line":17,"column":2},"end":{"line":17,"column":29}},"2":{"start":{"line":26,"column":2},"end":{"line":26,"column":25}},"3":{"start":{"line":35,"column":2},"end":{"line":35,"column":22}},"4":{"start":{"line":45,"column":2},"end":{"line":45,"column":22}},"5":{"start":{"line":55,"column":2},"end":{"line":55,"column":22}}},"fnMap":{"0":{"name":"addition","decl":{"start":{"line":7,"column":16},"end":{"line":7,"column":24}},"loc":{"start":{"line":7,"column":38},"end":{"line":9,"column":1}},"line":7},"1":{"name":"halfPoint","decl":{"start":{"line":16,"column":16},"end":{"line":16,"column":25}},"loc":{"start":{"line":16,"column":31},"end":{"line":18,"column":1}},"line":16},"2":{"name":"isEven","decl":{"start":{"line":25,"column":16},"end":{"line":25,"column":22}},"loc":{"start":{"line":25,"column":28},"end":{"line":27,"column":1}},"line":25},"3":{"name":"isOdd","decl":{"start":{"line":34,"column":16},"end":{"line":34,"column":21}},"loc":{"start":{"line":34,"column":27},"end":{"line":36,"column":1}},"line":34},"4":{"name":"multiplication","decl":{"start":{"line":44,"column":16},"end":{"line":44,"column":30}},"loc":{"start":{"line":44,"column":44},"end":{"line":46,"column":1}},"line":44},"5":{"name":"subtraction","decl":{"start":{"line":54,"column":16},"end":{"line":54,"column":27}},"loc":{"start":{"line":54,"column":41},"end":{"line":56,"column":1}},"line":54}},"branchMap":{},"s":{"0":7,"1":4,"2":6,"3":2,"4":3,"5":3},"f":{"0":7,"1":4,"2":6,"3":2,"4":3,"5":3},"b":{},"_coverageSchema":"1a1c01bbd47fc00a2c39e90264f33305004495a9","hash":"626a048457a2ed17ef149a87655cf5175b2c1a76"}
,"/Users/ramongr/Documents/Projects/js/op-array/shared/empty-values.js": {"path":"/Users/ramongr/Documents/Projects/js/op-array/shared/empty-values.js","statementMap":{"0":{"start":{"line":7,"column":22},"end":{"line":7,"column":43}},"1":{"start":{"line":9,"column":2},"end":{"line":9,"column":72}}},"fnMap":{"0":{"name":"hasValue","decl":{"start":{"line":6,"column":16},"end":{"line":6,"column":24}},"loc":{"start":{"line":6,"column":32},"end":{"line":10,"column":1}},"line":6}},"branchMap":{"0":{"loc":{"start":{"line":9,"column":9},"end":{"line":9,"column":71}},"type":"binary-expr","locations":[{"start":{"line":9,"column":9},"end":{"line":9,"column":37}},{"start":{"line":9,"column":41},"end":{"line":9,"column":71}}],"line":9}},"s":{"0":5,"1":5},"f":{"0":5},"b":{"0":[5,2]},"_coverageSchema":"1a1c01bbd47fc00a2c39e90264f33305004495a9","hash":"6df37c845e9e9d7a0942d518a27ecfc0d4abbcb0"}
,"/Users/ramongr/Documents/Projects/js/op-array/shared/nested-object.js": {"path":"/Users/ramongr/Documents/Projects/js/op-array/shared/nested-object.js","statementMap":{"0":{"start":{"line":8,"column":16},"end":{"line":8,"column":31}},"1":{"start":{"line":9,"column":2},"end":{"line":9,"column":59}},"2":{"start":{"line":9,"column":40},"end":{"line":9,"column":52}},"3":{"start":{"line":19,"column":2},"end":{"line":19,"column":69}},"4":{"start":{"line":19,"column":36},"end":{"line":19,"column":62}}},"fnMap":{"0":{"name":"nestedObjectValue","decl":{"start":{"line":7,"column":16},"end":{"line":7,"column":33}},"loc":{"start":{"line":7,"column":45},"end":{"line":10,"column":1}},"line":7},"1":{"name":"(anonymous_1)","decl":{"start":{"line":9,"column":22},"end":{"line":9,"column":23}},"loc":{"start":{"line":9,"column":40},"end":{"line":9,"column":52}},"line":9},"2":{"name":"objectFromKeys","decl":{"start":{"line":18,"column":16},"end":{"line":18,"column":30}},"loc":{"start":{"line":18,"column":43},"end":{"line":20,"column":1}},"line":18},"3":{"name":"(anonymous_3)","decl":{"start":{"line":19,"column":21},"end":{"line":19,"column":22}},"loc":{"start":{"line":19,"column":36},"end":{"line":19,"column":62}},"line":19}},"branchMap":{},"s":{"0":35,"1":35,"2":36,"3":21,"4":28},"f":{"0":35,"1":36,"2":21,"3":28},"b":{},"_coverageSchema":"1a1c01bbd47fc00a2c39e90264f33305004495a9","hash":"c9f8cf01da19e2bb07c730cb0787556bedf95fac"}
}
