{"/Users/ramongr/Documents/Projects/js/op-array/operations/collections.js": {"path":"/Users/ramongr/Documents/Projects/js/op-array/operations/collections.js","statementMap":{"0":{"start":{"line":1,"column":0},"end":{"line":3,"column":2}},"1":{"start":{"line":2,"column":2},"end":{"line":2,"column":50}},"2":{"start":{"line":2,"column":29},"end":{"line":2,"column":48}},"3":{"start":{"line":5,"column":0},"end":{"line":7,"column":2}},"4":{"start":{"line":6,"column":2},"end":{"line":6,"column":43}},"5":{"start":{"line":6,"column":29},"end":{"line":6,"column":41}},"6":{"start":{"line":9,"column":0},"end":{"line":11,"column":2}},"7":{"start":{"line":10,"column":2},"end":{"line":10,"column":52}},"8":{"start":{"line":10,"column":31},"end":{"line":10,"column":50}}},"fnMap":{"0":{"name":"(anonymous_0)","decl":{"start":{"line":1,"column":25},"end":{"line":1,"column":26}},"loc":{"start":{"line":1,"column":46},"end":{"line":3,"column":1}},"line":1},"1":{"name":"(anonymous_1)","decl":{"start":{"line":2,"column":19},"end":{"line":2,"column":20}},"loc":{"start":{"line":2,"column":29},"end":{"line":2,"column":48}},"line":2},"2":{"name":"(anonymous_2)","decl":{"start":{"line":5,"column":27},"end":{"line":5,"column":28}},"loc":{"start":{"line":5,"column":43},"end":{"line":7,"column":1}},"line":5},"3":{"name":"(anonymous_3)","decl":{"start":{"line":6,"column":19},"end":{"line":6,"column":20}},"loc":{"start":{"line":6,"column":29},"end":{"line":6,"column":41}},"line":6},"4":{"name":"(anonymous_4)","decl":{"start":{"line":9,"column":24},"end":{"line":9,"column":25}},"loc":{"start":{"line":9,"column":45},"end":{"line":11,"column":1}},"line":9},"5":{"name":"(anonymous_5)","decl":{"start":{"line":10,"column":21},"end":{"line":10,"column":22}},"loc":{"start":{"line":10,"column":31},"end":{"line":10,"column":50}},"line":10}},"branchMap":{},"s":{"0":1,"1":3,"2":8,"3":1,"4":3,"5":8,"6":1,"7":4,"8":24},"f":{"0":3,"1":8,"2":3,"3":8,"4":4,"5":24},"b":{},"_coverageSchema":"1a1c01bbd47fc00a2c39e90264f33305004495a9","hash":"df27af683bbc9d1b9bbe86c7c776cc07e75a7d8e"}
,"/Users/ramongr/Documents/Projects/js/op-array/operations/logical.js": {"path":"/Users/ramongr/Documents/Projects/js/op-array/operations/logical.js","statementMap":{"0":{"start":{"line":1,"column":0},"end":{"line":5,"column":1}},"1":{"start":{"line":2,"column":2},"end":{"line":4,"column":4}},"2":{"start":{"line":3,"column":4},"end":{"line":3,"column":59}},"3":{"start":{"line":3,"column":33},"end":{"line":3,"column":57}},"4":{"start":{"line":7,"column":0},"end":{"line":15,"column":1}},"5":{"start":{"line":8,"column":2},"end":{"line":14,"column":4}},"6":{"start":{"line":9,"column":4},"end":{"line":11,"column":5}},"7":{"start":{"line":10,"column":6},"end":{"line":10,"column":19}},"8":{"start":{"line":12,"column":16},"end":{"line":12,"column":72}},"9":{"start":{"line":13,"column":4},"end":{"line":13,"column":45}},"10":{"start":{"line":17,"column":0},"end":{"line":23,"column":1}},"11":{"start":{"line":18,"column":2},"end":{"line":22,"column":4}},"12":{"start":{"line":19,"column":16},"end":{"line":19,"column":72}},"13":{"start":{"line":21,"column":4},"end":{"line":21,"column":59}},"14":{"start":{"line":21,"column":33},"end":{"line":21,"column":57}},"15":{"start":{"line":26,"column":0},"end":{"line":32,"column":1}},"16":{"start":{"line":27,"column":2},"end":{"line":31,"column":4}},"17":{"start":{"line":28,"column":29},"end":{"line":28,"column":45}},"18":{"start":{"line":30,"column":4},"end":{"line":30,"column":41}}},"fnMap":{"0":{"name":"(anonymous_0)","decl":{"start":{"line":2,"column":33},"end":{"line":2,"column":34}},"loc":{"start":{"line":2,"column":47},"end":{"line":4,"column":3}},"line":2},"1":{"name":"(anonymous_1)","decl":{"start":{"line":3,"column":23},"end":{"line":3,"column":24}},"loc":{"start":{"line":3,"column":33},"end":{"line":3,"column":57}},"line":3},"2":{"name":"(anonymous_2)","decl":{"start":{"line":8,"column":27},"end":{"line":8,"column":28}},"loc":{"start":{"line":8,"column":54},"end":{"line":14,"column":3}},"line":8},"3":{"name":"(anonymous_3)","decl":{"start":{"line":18,"column":27},"end":{"line":18,"column":28}},"loc":{"start":{"line":18,"column":49},"end":{"line":22,"column":3}},"line":18},"4":{"name":"(anonymous_4)","decl":{"start":{"line":21,"column":23},"end":{"line":21,"column":24}},"loc":{"start":{"line":21,"column":33},"end":{"line":21,"column":57}},"line":21},"5":{"name":"(anonymous_5)","decl":{"start":{"line":27,"column":26},"end":{"line":27,"column":27}},"loc":{"start":{"line":27,"column":40},"end":{"line":31,"column":3}},"line":27}},"branchMap":{"0":{"loc":{"start":{"line":1,"column":0},"end":{"line":5,"column":1}},"type":"if","locations":[{"start":{"line":1,"column":0},"end":{"line":5,"column":1}},{"start":{"line":1,"column":0},"end":{"line":5,"column":1}}],"line":1},"1":{"loc":{"start":{"line":7,"column":0},"end":{"line":15,"column":1}},"type":"if","locations":[{"start":{"line":7,"column":0},"end":{"line":15,"column":1}},{"start":{"line":7,"column":0},"end":{"line":15,"column":1}}],"line":7},"2":{"loc":{"start":{"line":8,"column":36},"end":{"line":8,"column":52}},"type":"default-arg","locations":[{"start":{"line":8,"column":50},"end":{"line":8,"column":52}}],"line":8},"3":{"loc":{"start":{"line":9,"column":4},"end":{"line":11,"column":5}},"type":"if","locations":[{"start":{"line":9,"column":4},"end":{"line":11,"column":5}},{"start":{"line":9,"column":4},"end":{"line":11,"column":5}}],"line":9},"4":{"loc":{"start":{"line":12,"column":16},"end":{"line":12,"column":72}},"type":"cond-expr","locations":[{"start":{"line":12,"column":45},"end":{"line":12,"column":56}},{"start":{"line":12,"column":59},"end":{"line":12,"column":72}}],"line":12},"5":{"loc":{"start":{"line":17,"column":0},"end":{"line":23,"column":1}},"type":"if","locations":[{"start":{"line":17,"column":0},"end":{"line":23,"column":1}},{"start":{"line":17,"column":0},"end":{"line":23,"column":1}}],"line":17},"6":{"loc":{"start":{"line":19,"column":16},"end":{"line":19,"column":72}},"type":"cond-expr","locations":[{"start":{"line":19,"column":45},"end":{"line":19,"column":56}},{"start":{"line":19,"column":59},"end":{"line":19,"column":72}}],"line":19},"7":{"loc":{"start":{"line":26,"column":0},"end":{"line":32,"column":1}},"type":"if","locations":[{"start":{"line":26,"column":0},"end":{"line":32,"column":1}},{"start":{"line":26,"column":0},"end":{"line":32,"column":1}}],"line":26}},"s":{"0":1,"1":1,"2":0,"3":0,"4":1,"5":1,"6":0,"7":0,"8":0,"9":0,"10":1,"11":1,"12":0,"13":0,"14":0,"15":1,"16":1,"17":0,"18":0},"f":{"0":0,"1":0,"2":0,"3":0,"4":0,"5":0},"b":{"0":[1,0],"1":[1,0],"2":[0],"3":[0,0],"4":[0,0],"5":[1,0],"6":[0,0],"7":[1,0]},"_coverageSchema":"1a1c01bbd47fc00a2c39e90264f33305004495a9","hash":"cd6f4d7639ee81234a272375d776607ef08b578b"}
,"/Users/ramongr/Documents/Projects/js/op-array/operations/numerical.js": {"path":"/Users/ramongr/Documents/Projects/js/op-array/operations/numerical.js","statementMap":{"0":{"start":{"line":5,"column":0},"end":{"line":9,"column":1}},"1":{"start":{"line":6,"column":2},"end":{"line":8,"column":4}},"2":{"start":{"line":7,"column":4},"end":{"line":7,"column":29}},"3":{"start":{"line":11,"column":0},"end":{"line":15,"column":1}},"4":{"start":{"line":12,"column":2},"end":{"line":14,"column":4}},"5":{"start":{"line":13,"column":4},"end":{"line":13,"column":29}},"6":{"start":{"line":18,"column":0},"end":{"line":22,"column":1}},"7":{"start":{"line":19,"column":2},"end":{"line":21,"column":3}},"8":{"start":{"line":20,"column":4},"end":{"line":20,"column":36}},"9":{"start":{"line":24,"column":0},"end":{"line":28,"column":1}},"10":{"start":{"line":25,"column":2},"end":{"line":27,"column":3}},"11":{"start":{"line":26,"column":4},"end":{"line":26,"column":36}},"12":{"start":{"line":30,"column":0},"end":{"line":34,"column":1}},"13":{"start":{"line":31,"column":2},"end":{"line":33,"column":3}},"14":{"start":{"line":32,"column":4},"end":{"line":32,"column":39}},"15":{"start":{"line":36,"column":0},"end":{"line":40,"column":1}},"16":{"start":{"line":37,"column":2},"end":{"line":39,"column":4}},"17":{"start":{"line":38,"column":4},"end":{"line":38,"column":36}},"18":{"start":{"line":42,"column":0},"end":{"line":46,"column":1}},"19":{"start":{"line":43,"column":2},"end":{"line":45,"column":4}},"20":{"start":{"line":44,"column":4},"end":{"line":44,"column":31}},"21":{"start":{"line":48,"column":0},"end":{"line":60,"column":1}},"22":{"start":{"line":49,"column":2},"end":{"line":59,"column":4}},"23":{"start":{"line":50,"column":24},"end":{"line":50,"column":35}},"24":{"start":{"line":51,"column":17},"end":{"line":51,"column":39}},"25":{"start":{"line":52,"column":19},"end":{"line":52,"column":40}},"26":{"start":{"line":54,"column":4},"end":{"line":56,"column":5}},"27":{"start":{"line":55,"column":6},"end":{"line":55,"column":48}},"28":{"start":{"line":58,"column":4},"end":{"line":58,"column":18}},"29":{"start":{"line":62,"column":0},"end":{"line":72,"column":1}},"30":{"start":{"line":63,"column":23},"end":{"line":63,"column":72}},"31":{"start":{"line":63,"column":45},"end":{"line":63,"column":72}},"32":{"start":{"line":64,"column":24},"end":{"line":64,"column":74}},"33":{"start":{"line":64,"column":46},"end":{"line":64,"column":74}},"34":{"start":{"line":65,"column":2},"end":{"line":71,"column":4}},"35":{"start":{"line":66,"column":23},"end":{"line":66,"column":40}},"36":{"start":{"line":67,"column":27},"end":{"line":67,"column":59}},"37":{"start":{"line":68,"column":28},"end":{"line":68,"column":59}},"38":{"start":{"line":70,"column":4},"end":{"line":70,"column":77}},"39":{"start":{"line":70,"column":45},"end":{"line":70,"column":75}}},"fnMap":{"0":{"name":"(anonymous_0)","decl":{"start":{"line":6,"column":24},"end":{"line":6,"column":25}},"loc":{"start":{"line":6,"column":35},"end":{"line":8,"column":3}},"line":6},"1":{"name":"(anonymous_1)","decl":{"start":{"line":12,"column":24},"end":{"line":12,"column":25}},"loc":{"start":{"line":12,"column":35},"end":{"line":14,"column":3}},"line":12},"2":{"name":"(anonymous_2)","decl":{"start":{"line":19,"column":24},"end":{"line":19,"column":25}},"loc":{"start":{"line":19,"column":35},"end":{"line":21,"column":3}},"line":19},"3":{"name":"(anonymous_3)","decl":{"start":{"line":25,"column":32},"end":{"line":25,"column":33}},"loc":{"start":{"line":25,"column":43},"end":{"line":27,"column":3}},"line":25},"4":{"name":"(anonymous_4)","decl":{"start":{"line":31,"column":28},"end":{"line":31,"column":29}},"loc":{"start":{"line":31,"column":39},"end":{"line":33,"column":3}},"line":31},"5":{"name":"(anonymous_5)","decl":{"start":{"line":37,"column":28},"end":{"line":37,"column":29}},"loc":{"start":{"line":37,"column":39},"end":{"line":39,"column":3}},"line":37},"6":{"name":"(anonymous_6)","decl":{"start":{"line":43,"column":33},"end":{"line":43,"column":34}},"loc":{"start":{"line":43,"column":44},"end":{"line":45,"column":3}},"line":43},"7":{"name":"(anonymous_7)","decl":{"start":{"line":49,"column":27},"end":{"line":49,"column":28}},"loc":{"start":{"line":49,"column":38},"end":{"line":59,"column":3}},"line":49},"8":{"name":"(anonymous_8)","decl":{"start":{"line":63,"column":23},"end":{"line":63,"column":24}},"loc":{"start":{"line":63,"column":45},"end":{"line":63,"column":72}},"line":63},"9":{"name":"(anonymous_9)","decl":{"start":{"line":64,"column":24},"end":{"line":64,"column":25}},"loc":{"start":{"line":64,"column":46},"end":{"line":64,"column":74}},"line":64},"10":{"name":"(anonymous_10)","decl":{"start":{"line":65,"column":25},"end":{"line":65,"column":26}},"loc":{"start":{"line":65,"column":36},"end":{"line":71,"column":3}},"line":65},"11":{"name":"(anonymous_11)","decl":{"start":{"line":70,"column":34},"end":{"line":70,"column":35}},"loc":{"start":{"line":70,"column":45},"end":{"line":70,"column":75}},"line":70}},"branchMap":{"0":{"loc":{"start":{"line":5,"column":0},"end":{"line":9,"column":1}},"type":"if","locations":[{"start":{"line":5,"column":0},"end":{"line":9,"column":1}},{"start":{"line":5,"column":0},"end":{"line":9,"column":1}}],"line":5},"1":{"loc":{"start":{"line":11,"column":0},"end":{"line":15,"column":1}},"type":"if","locations":[{"start":{"line":11,"column":0},"end":{"line":15,"column":1}},{"start":{"line":11,"column":0},"end":{"line":15,"column":1}}],"line":11},"2":{"loc":{"start":{"line":18,"column":0},"end":{"line":22,"column":1}},"type":"if","locations":[{"start":{"line":18,"column":0},"end":{"line":22,"column":1}},{"start":{"line":18,"column":0},"end":{"line":22,"column":1}}],"line":18},"3":{"loc":{"start":{"line":24,"column":0},"end":{"line":28,"column":1}},"type":"if","locations":[{"start":{"line":24,"column":0},"end":{"line":28,"column":1}},{"start":{"line":24,"column":0},"end":{"line":28,"column":1}}],"line":24},"4":{"loc":{"start":{"line":30,"column":0},"end":{"line":34,"column":1}},"type":"if","locations":[{"start":{"line":30,"column":0},"end":{"line":34,"column":1}},{"start":{"line":30,"column":0},"end":{"line":34,"column":1}}],"line":30},"5":{"loc":{"start":{"line":36,"column":0},"end":{"line":40,"column":1}},"type":"if","locations":[{"start":{"line":36,"column":0},"end":{"line":40,"column":1}},{"start":{"line":36,"column":0},"end":{"line":40,"column":1}}],"line":36},"6":{"loc":{"start":{"line":42,"column":0},"end":{"line":46,"column":1}},"type":"if","locations":[{"start":{"line":42,"column":0},"end":{"line":46,"column":1}},{"start":{"line":42,"column":0},"end":{"line":46,"column":1}}],"line":42},"7":{"loc":{"start":{"line":48,"column":0},"end":{"line":60,"column":1}},"type":"if","locations":[{"start":{"line":48,"column":0},"end":{"line":60,"column":1}},{"start":{"line":48,"column":0},"end":{"line":60,"column":1}}],"line":48},"8":{"loc":{"start":{"line":54,"column":4},"end":{"line":56,"column":5}},"type":"if","locations":[{"start":{"line":54,"column":4},"end":{"line":56,"column":5}},{"start":{"line":54,"column":4},"end":{"line":56,"column":5}}],"line":54},"9":{"loc":{"start":{"line":62,"column":0},"end":{"line":72,"column":1}},"type":"if","locations":[{"start":{"line":62,"column":0},"end":{"line":72,"column":1}},{"start":{"line":62,"column":0},"end":{"line":72,"column":1}}],"line":62}},"s":{"0":1,"1":1,"2":0,"3":1,"4":1,"5":0,"6":1,"7":1,"8":0,"9":1,"10":1,"11":0,"12":1,"13":1,"14":0,"15":1,"16":1,"17":0,"18":1,"19":1,"20":0,"21":1,"22":1,"23":0,"24":0,"25":0,"26":0,"27":0,"28":0,"29":1,"30":1,"31":0,"32":1,"33":0,"34":1,"35":0,"36":0,"37":0,"38":0,"39":0},"f":{"0":0,"1":0,"2":0,"3":0,"4":0,"5":0,"6":0,"7":0,"8":0,"9":0,"10":0,"11":0},"b":{"0":[1,0],"1":[1,0],"2":[1,0],"3":[1,0],"4":[1,0],"5":[1,0],"6":[1,0],"7":[1,0],"8":[0,0],"9":[1,0]},"_coverageSchema":"1a1c01bbd47fc00a2c39e90264f33305004495a9","hash":"d5c57f8de0c8ad3858795bce8c2bf1b1a3ca1807"}
,"/Users/ramongr/Documents/Projects/js/op-array/operations/positional.js": {"path":"/Users/ramongr/Documents/Projects/js/op-array/operations/positional.js","statementMap":{"0":{"start":{"line":1,"column":0},"end":{"line":7,"column":1}},"1":{"start":{"line":2,"column":2},"end":{"line":6,"column":5}},"2":{"start":{"line":4,"column":6},"end":{"line":4,"column":21}},"3":{"start":{"line":9,"column":0},"end":{"line":15,"column":1}},"4":{"start":{"line":10,"column":2},"end":{"line":14,"column":5}},"5":{"start":{"line":12,"column":6},"end":{"line":12,"column":21}},"6":{"start":{"line":17,"column":0},"end":{"line":23,"column":1}},"7":{"start":{"line":18,"column":2},"end":{"line":22,"column":5}},"8":{"start":{"line":20,"column":6},"end":{"line":20,"column":35}}},"fnMap":{"0":{"name":"(anonymous_0)","decl":{"start":{"line":3,"column":9},"end":{"line":3,"column":10}},"loc":{"start":{"line":3,"column":20},"end":{"line":5,"column":5}},"line":3},"1":{"name":"(anonymous_1)","decl":{"start":{"line":11,"column":9},"end":{"line":11,"column":10}},"loc":{"start":{"line":11,"column":20},"end":{"line":13,"column":5}},"line":11},"2":{"name":"(anonymous_2)","decl":{"start":{"line":19,"column":9},"end":{"line":19,"column":10}},"loc":{"start":{"line":19,"column":20},"end":{"line":21,"column":5}},"line":19}},"branchMap":{"0":{"loc":{"start":{"line":1,"column":0},"end":{"line":7,"column":1}},"type":"if","locations":[{"start":{"line":1,"column":0},"end":{"line":7,"column":1}},{"start":{"line":1,"column":0},"end":{"line":7,"column":1}}],"line":1},"1":{"loc":{"start":{"line":9,"column":0},"end":{"line":15,"column":1}},"type":"if","locations":[{"start":{"line":9,"column":0},"end":{"line":15,"column":1}},{"start":{"line":9,"column":0},"end":{"line":15,"column":1}}],"line":9},"2":{"loc":{"start":{"line":17,"column":0},"end":{"line":23,"column":1}},"type":"if","locations":[{"start":{"line":17,"column":0},"end":{"line":23,"column":1}},{"start":{"line":17,"column":0},"end":{"line":23,"column":1}}],"line":17}},"s":{"0":1,"1":1,"2":0,"3":1,"4":1,"5":0,"6":1,"7":1,"8":0},"f":{"0":0,"1":0,"2":0},"b":{"0":[1,0],"1":[1,0],"2":[1,0]},"_coverageSchema":"1a1c01bbd47fc00a2c39e90264f33305004495a9","hash":"18632504df504fad51358d57f8ad89b1c6ecac70"}
,"/Users/ramongr/Documents/Projects/js/op-array/operations/transformations.js": {"path":"/Users/ramongr/Documents/Projects/js/op-array/operations/transformations.js","statementMap":{"0":{"start":{"line":1,"column":0},"end":{"line":5,"column":1}},"1":{"start":{"line":2,"column":2},"end":{"line":4,"column":4}},"2":{"start":{"line":3,"column":4},"end":{"line":3,"column":37}},"3":{"start":{"line":7,"column":0},"end":{"line":11,"column":1}},"4":{"start":{"line":8,"column":2},"end":{"line":10,"column":4}},"5":{"start":{"line":9,"column":4},"end":{"line":9,"column":71}},"6":{"start":{"line":9,"column":45},"end":{"line":9,"column":69}},"7":{"start":{"line":13,"column":0},"end":{"line":25,"column":1}},"8":{"start":{"line":14,"column":2},"end":{"line":24,"column":4}},"9":{"start":{"line":15,"column":19},"end":{"line":15,"column":50}},"10":{"start":{"line":17,"column":4},"end":{"line":23,"column":11}},"11":{"start":{"line":18,"column":6},"end":{"line":20,"column":7}},"12":{"start":{"line":19,"column":8},"end":{"line":19,"column":46}},"13":{"start":{"line":22,"column":6},"end":{"line":22,"column":21}},"14":{"start":{"line":27,"column":0},"end":{"line":35,"column":1}},"15":{"start":{"line":28,"column":2},"end":{"line":34,"column":4}},"16":{"start":{"line":29,"column":4},"end":{"line":33,"column":11}},"17":{"start":{"line":32,"column":10},"end":{"line":32,"column":51}},"18":{"start":{"line":37,"column":0},"end":{"line":50,"column":1}},"19":{"start":{"line":38,"column":2},"end":{"line":49,"column":4}},"20":{"start":{"line":39,"column":23},"end":{"line":39,"column":32}},"21":{"start":{"line":40,"column":4},"end":{"line":47,"column":7}},"22":{"start":{"line":41,"column":24},"end":{"line":41,"column":44}},"23":{"start":{"line":42,"column":6},"end":{"line":46,"column":7}},"24":{"start":{"line":43,"column":8},"end":{"line":43,"column":32}},"25":{"start":{"line":45,"column":8},"end":{"line":45,"column":44}},"26":{"start":{"line":48,"column":4},"end":{"line":48,"column":34}}},"fnMap":{"0":{"name":"(anonymous_0)","decl":{"start":{"line":2,"column":27},"end":{"line":2,"column":28}},"loc":{"start":{"line":2,"column":38},"end":{"line":4,"column":3}},"line":2},"1":{"name":"(anonymous_1)","decl":{"start":{"line":8,"column":25},"end":{"line":8,"column":26}},"loc":{"start":{"line":8,"column":36},"end":{"line":10,"column":3}},"line":8},"2":{"name":"(anonymous_2)","decl":{"start":{"line":9,"column":23},"end":{"line":9,"column":24}},"loc":{"start":{"line":9,"column":45},"end":{"line":9,"column":69}},"line":9},"3":{"name":"(anonymous_3)","decl":{"start":{"line":14,"column":30},"end":{"line":14,"column":31}},"loc":{"start":{"line":14,"column":47},"end":{"line":24,"column":3}},"line":14},"4":{"name":"(anonymous_4)","decl":{"start":{"line":17,"column":23},"end":{"line":17,"column":24}},"loc":{"start":{"line":17,"column":46},"end":{"line":23,"column":5}},"line":17},"5":{"name":"(anonymous_5)","decl":{"start":{"line":28,"column":29},"end":{"line":28,"column":30}},"loc":{"start":{"line":28,"column":46},"end":{"line":34,"column":3}},"line":28},"6":{"name":"(anonymous_6)","decl":{"start":{"line":31,"column":13},"end":{"line":31,"column":14}},"loc":{"start":{"line":31,"column":42},"end":{"line":33,"column":9}},"line":31},"7":{"name":"(anonymous_7)","decl":{"start":{"line":38,"column":31},"end":{"line":38,"column":32}},"loc":{"start":{"line":38,"column":42},"end":{"line":49,"column":3}},"line":38},"8":{"name":"(anonymous_8)","decl":{"start":{"line":40,"column":17},"end":{"line":40,"column":18}},"loc":{"start":{"line":40,"column":27},"end":{"line":47,"column":5}},"line":40}},"branchMap":{"0":{"loc":{"start":{"line":1,"column":0},"end":{"line":5,"column":1}},"type":"if","locations":[{"start":{"line":1,"column":0},"end":{"line":5,"column":1}},{"start":{"line":1,"column":0},"end":{"line":5,"column":1}}],"line":1},"1":{"loc":{"start":{"line":7,"column":0},"end":{"line":11,"column":1}},"type":"if","locations":[{"start":{"line":7,"column":0},"end":{"line":11,"column":1}},{"start":{"line":7,"column":0},"end":{"line":11,"column":1}}],"line":7},"2":{"loc":{"start":{"line":13,"column":0},"end":{"line":25,"column":1}},"type":"if","locations":[{"start":{"line":13,"column":0},"end":{"line":25,"column":1}},{"start":{"line":13,"column":0},"end":{"line":25,"column":1}}],"line":13},"3":{"loc":{"start":{"line":18,"column":6},"end":{"line":20,"column":7}},"type":"if","locations":[{"start":{"line":18,"column":6},"end":{"line":20,"column":7}},{"start":{"line":18,"column":6},"end":{"line":20,"column":7}}],"line":18},"4":{"loc":{"start":{"line":18,"column":10},"end":{"line":18,"column":45}},"type":"binary-expr","locations":[{"start":{"line":18,"column":10},"end":{"line":18,"column":21}},{"start":{"line":18,"column":25},"end":{"line":18,"column":45}}],"line":18},"5":{"loc":{"start":{"line":27,"column":0},"end":{"line":35,"column":1}},"type":"if","locations":[{"start":{"line":27,"column":0},"end":{"line":35,"column":1}},{"start":{"line":27,"column":0},"end":{"line":35,"column":1}}],"line":27},"6":{"loc":{"start":{"line":37,"column":0},"end":{"line":50,"column":1}},"type":"if","locations":[{"start":{"line":37,"column":0},"end":{"line":50,"column":1}},{"start":{"line":37,"column":0},"end":{"line":50,"column":1}}],"line":37},"7":{"loc":{"start":{"line":42,"column":6},"end":{"line":46,"column":7}},"type":"if","locations":[{"start":{"line":42,"column":6},"end":{"line":46,"column":7}},{"start":{"line":42,"column":6},"end":{"line":46,"column":7}}],"line":42}},"s":{"0":1,"1":1,"2":0,"3":1,"4":0,"5":0,"6":0,"7":1,"8":1,"9":0,"10":0,"11":0,"12":0,"13":0,"14":1,"15":1,"16":0,"17":0,"18":1,"19":1,"20":0,"21":0,"22":0,"23":0,"24":0,"25":0,"26":0},"f":{"0":0,"1":0,"2":0,"3":0,"4":0,"5":0,"6":0,"7":0,"8":0},"b":{"0":[1,0],"1":[0,1],"2":[1,0],"3":[0,0],"4":[0,0],"5":[1,0],"6":[1,0],"7":[0,0]},"_coverageSchema":"1a1c01bbd47fc00a2c39e90264f33305004495a9","hash":"6796c98e7df3e3ff658b84ee92396258a6e2c0ee"}
,"/Users/ramongr/Documents/Projects/js/op-array/shared/arithmetic.js": {"path":"/Users/ramongr/Documents/Projects/js/op-array/shared/arithmetic.js","statementMap":{"0":{"start":{"line":8,"column":2},"end":{"line":8,"column":22}},"1":{"start":{"line":17,"column":2},"end":{"line":17,"column":29}},"2":{"start":{"line":26,"column":2},"end":{"line":26,"column":25}},"3":{"start":{"line":35,"column":2},"end":{"line":35,"column":22}},"4":{"start":{"line":45,"column":2},"end":{"line":45,"column":22}},"5":{"start":{"line":55,"column":2},"end":{"line":55,"column":22}}},"fnMap":{"0":{"name":"addition","decl":{"start":{"line":7,"column":16},"end":{"line":7,"column":24}},"loc":{"start":{"line":7,"column":38},"end":{"line":9,"column":1}},"line":7},"1":{"name":"halfPoint","decl":{"start":{"line":16,"column":16},"end":{"line":16,"column":25}},"loc":{"start":{"line":16,"column":31},"end":{"line":18,"column":1}},"line":16},"2":{"name":"isEven","decl":{"start":{"line":25,"column":16},"end":{"line":25,"column":22}},"loc":{"start":{"line":25,"column":28},"end":{"line":27,"column":1}},"line":25},"3":{"name":"isOdd","decl":{"start":{"line":34,"column":16},"end":{"line":34,"column":21}},"loc":{"start":{"line":34,"column":27},"end":{"line":36,"column":1}},"line":34},"4":{"name":"multiplication","decl":{"start":{"line":44,"column":16},"end":{"line":44,"column":30}},"loc":{"start":{"line":44,"column":44},"end":{"line":46,"column":1}},"line":44},"5":{"name":"subtraction","decl":{"start":{"line":54,"column":16},"end":{"line":54,"column":27}},"loc":{"start":{"line":54,"column":41},"end":{"line":56,"column":1}},"line":54}},"branchMap":{},"s":{"0":1,"1":2,"2":4,"3":2,"4":1,"5":1},"f":{"0":1,"1":2,"2":4,"3":2,"4":1,"5":1},"b":{},"_coverageSchema":"1a1c01bbd47fc00a2c39e90264f33305004495a9","hash":"626a048457a2ed17ef149a87655cf5175b2c1a76"}
}
