TN:
SF:operations/collections.js
FN:9,(anonymous_0)
FN:10,(anonymous_1)
FN:18,(anonymous_2)
FN:19,(anonymous_3)
FN:28,(anonymous_4)
FN:29,(anonymous_5)
FN:32,(anonymous_6)
FN:33,(anonymous_7)
FNF:8
FNH:6
FNDA:3,(anonymous_0)
FNDA:8,(anonymous_1)
FNDA:3,(anonymous_2)
FNDA:8,(anonymous_3)
FNDA:4,(anonymous_4)
FNDA:24,(anonymous_5)
FNDA:0,(anonymous_6)
FNDA:0,(anonymous_7)
DA:9,1
DA:10,8
DA:18,1
DA:19,8
DA:28,1
DA:29,24
DA:32,1
DA:33,0
DA:34,0
LF:9
LH:7
BRF:0
BRH:0
end_of_record
TN:
SF:operations/logical.js
FN:2,(anonymous_0)
FN:3,(anonymous_1)
FN:8,(anonymous_2)
FN:18,(anonymous_3)
FN:21,(anonymous_4)
FN:27,(anonymous_5)
FNF:6
FNH:6
FNDA:7,(anonymous_0)
FNDA:21,(anonymous_1)
FNDA:5,(anonymous_2)
FNDA:8,(anonymous_3)
FNDA:21,(anonymous_4)
FNDA:3,(anonymous_5)
DA:1,1
DA:2,1
DA:3,21
DA:7,1
DA:8,1
DA:9,5
DA:10,0
DA:12,5
DA:13,5
DA:17,1
DA:18,1
DA:19,8
DA:21,21
DA:26,1
DA:27,1
DA:28,3
DA:30,3
LF:17
LH:16
BRDA:1,0,0,1
BRDA:1,0,1,0
BRDA:7,1,0,1
BRDA:7,1,1,0
BRDA:8,2,0,0
BRDA:9,3,0,0
BRDA:9,3,1,5
BRDA:12,4,0,3
BRDA:12,4,1,2
BRDA:17,5,0,1
BRDA:17,5,1,0
BRDA:19,6,0,6
BRDA:19,6,1,2
BRDA:26,7,0,1
BRDA:26,7,1,0
BRF:15
BRH:9
end_of_record
TN:
SF:operations/numerical.js
FN:8,(anonymous_0)
FN:14,(anonymous_1)
FN:21,(anonymous_2)
FN:27,(anonymous_3)
FN:33,(anonymous_4)
FN:39,(anonymous_5)
FN:45,(anonymous_6)
FN:51,(anonymous_7)
FN:65,(anonymous_8)
FN:66,(anonymous_9)
FN:68,(anonymous_10)
FN:71,(anonymous_11)
FNF:12
FNH:12
FNDA:1,(anonymous_0)
FNDA:3,(anonymous_1)
FNDA:2,(anonymous_2)
FNDA:1,(anonymous_3)
FNDA:1,(anonymous_4)
FNDA:1,(anonymous_5)
FNDA:2,(anonymous_6)
FNDA:2,(anonymous_7)
FNDA:4,(anonymous_8)
FNDA:7,(anonymous_9)
FNDA:2,(anonymous_10)
FNDA:7,(anonymous_11)
DA:7,1
DA:8,1
DA:9,1
DA:13,1
DA:14,1
DA:15,3
DA:20,1
DA:21,1
DA:22,2
DA:26,1
DA:27,1
DA:28,1
DA:32,1
DA:33,1
DA:34,1
DA:38,1
DA:39,1
DA:40,1
DA:44,1
DA:45,1
DA:46,2
DA:50,1
DA:51,1
DA:52,2
DA:53,2
DA:54,2
DA:56,2
DA:57,1
DA:60,1
DA:64,1
DA:65,4
DA:66,7
DA:68,1
DA:69,2
DA:70,2
DA:71,7
DA:73,2
LF:37
LH:37
BRDA:7,0,0,1
BRDA:7,0,1,0
BRDA:13,1,0,1
BRDA:13,1,1,0
BRDA:20,2,0,1
BRDA:20,2,1,0
BRDA:26,3,0,1
BRDA:26,3,1,0
BRDA:32,4,0,1
BRDA:32,4,1,0
BRDA:38,5,0,1
BRDA:38,5,1,0
BRDA:44,6,0,1
BRDA:44,6,1,0
BRDA:50,7,0,1
BRDA:50,7,1,0
BRDA:56,8,0,1
BRDA:56,8,1,1
BRDA:64,9,0,1
BRDA:64,9,1,0
BRF:20
BRH:11
end_of_record
TN:
SF:operations/positional.js
FN:2,(anonymous_0)
FN:9,(anonymous_1)
FN:15,(anonymous_2)
FN:21,(anonymous_3)
FNF:4
FNH:4
FNDA:5,(anonymous_0)
FNDA:8,(anonymous_1)
FNDA:1,(anonymous_2)
FNDA:1,(anonymous_3)
DA:1,2
DA:3,5
DA:8,2
DA:10,8
DA:14,2
DA:16,1
DA:20,2
DA:22,1
LF:8
LH:8
BRF:0
BRH:0
end_of_record
TN:
SF:operations/transformations.js
FN:4,(anonymous_0)
FN:10,(anonymous_1)
FN:11,(anonymous_2)
FN:16,(anonymous_3)
FN:19,(anonymous_4)
FN:30,(anonymous_5)
FN:33,(anonymous_6)
FN:40,(anonymous_7)
FN:42,(anonymous_8)
FN:55,(anonymous_9)
FNF:10
FNH:8
FNDA:1,(anonymous_0)
FNDA:0,(anonymous_1)
FNDA:0,(anonymous_2)
FNDA:1,(anonymous_3)
FNDA:4,(anonymous_4)
FNDA:1,(anonymous_5)
FNDA:2,(anonymous_6)
FNDA:3,(anonymous_7)
FNDA:12,(anonymous_8)
FNDA:1,(anonymous_9)
DA:3,2
DA:4,2
DA:5,1
DA:9,2
DA:10,0
DA:11,0
DA:15,2
DA:16,2
DA:17,1
DA:19,1
DA:20,4
DA:21,2
DA:24,4
DA:29,2
DA:30,2
DA:31,1
DA:34,2
DA:39,2
DA:40,2
DA:41,3
DA:42,3
DA:43,12
DA:44,12
DA:45,10
DA:47,2
DA:50,3
DA:54,2
DA:55,2
DA:56,1
LF:29
LH:27
BRDA:3,0,0,2
BRDA:3,0,1,0
BRDA:9,1,0,0
BRDA:9,1,1,2
BRDA:15,2,0,2
BRDA:15,2,1,0
BRDA:20,3,0,2
BRDA:20,3,1,2
BRDA:20,4,0,4
BRDA:20,4,1,3
BRDA:29,5,0,2
BRDA:29,5,1,0
BRDA:39,6,0,2
BRDA:39,6,1,0
BRDA:44,7,0,10
BRDA:44,7,1,2
BRDA:54,8,0,2
BRDA:54,8,1,0
BRF:18
BRH:12
end_of_record
TN:
SF:shared/arithmetic.js
FN:7,addition
FN:16,halfPoint
FN:25,isEven
FN:34,isOdd
FN:44,multiplication
FN:54,subtraction
FNF:6
FNH:6
FNDA:7,addition
FNDA:4,halfPoint
FNDA:6,isEven
FNDA:2,isOdd
FNDA:3,multiplication
FNDA:3,subtraction
DA:8,7
DA:17,4
DA:26,6
DA:35,2
DA:45,3
DA:55,3
LF:6
LH:6
BRF:0
BRH:0
end_of_record
TN:
SF:shared/empty-values.js
FN:6,hasValue
FNF:1
FNH:1
FNDA:5,hasValue
DA:7,5
DA:9,5
LF:2
LH:2
BRDA:9,0,0,5
BRDA:9,0,1,2
BRF:2
BRH:2
end_of_record
TN:
SF:shared/nested-object.js
FN:1,(anonymous_0)
FN:3,(anonymous_1)
FNF:2
FNH:2
FNDA:32,(anonymous_0)
FNDA:32,(anonymous_1)
DA:1,2
DA:2,32
DA:3,32
LF:3
LH:3
BRF:0
BRH:0
end_of_record
