TN:
SF:operations/collections.js
FN:9,(anonymous_0)
FN:10,(anonymous_1)
FN:18,(anonymous_2)
FN:19,(anonymous_3)
FN:28,(anonymous_4)
FN:29,(anonymous_5)
FNF:6
FNH:6
FNDA:3,(anonymous_0)
FNDA:8,(anonymous_1)
FNDA:3,(anonymous_2)
FNDA:8,(anonymous_3)
FNDA:4,(anonymous_4)
FNDA:24,(anonymous_5)
DA:9,1
DA:10,8
DA:18,1
DA:19,8
DA:28,1
DA:29,24
LF:6
LH:6
BRF:0
BRH:0
end_of_record
TN:
SF:operations/logical.js
FN:2,(anonymous_0)
FN:3,(anonymous_1)
FN:8,(anonymous_2)
FN:18,(anonymous_3)
FN:21,(anonymous_4)
FN:27,(anonymous_5)
FNF:6
FNH:0
FNDA:0,(anonymous_0)
FNDA:0,(anonymous_1)
FNDA:0,(anonymous_2)
FNDA:0,(anonymous_3)
FNDA:0,(anonymous_4)
FNDA:0,(anonymous_5)
DA:1,1
DA:2,1
DA:3,0
DA:7,1
DA:8,1
DA:9,0
DA:10,0
DA:12,0
DA:13,0
DA:17,1
DA:18,1
DA:19,0
DA:21,0
DA:26,1
DA:27,1
DA:28,0
DA:30,0
LF:17
LH:8
BRDA:1,0,0,1
BRDA:1,0,1,0
BRDA:7,1,0,1
BRDA:7,1,1,0
BRDA:8,2,0,0
BRDA:9,3,0,0
BRDA:9,3,1,0
BRDA:12,4,0,0
BRDA:12,4,1,0
BRDA:17,5,0,1
BRDA:17,5,1,0
BRDA:19,6,0,0
BRDA:19,6,1,0
BRDA:26,7,0,1
BRDA:26,7,1,0
BRF:15
BRH:4
end_of_record
TN:
SF:operations/numerical.js
FN:6,(anonymous_0)
FN:12,(anonymous_1)
FN:19,(anonymous_2)
FN:25,(anonymous_3)
FN:31,(anonymous_4)
FN:37,(anonymous_5)
FN:43,(anonymous_6)
FN:49,(anonymous_7)
FN:63,(anonymous_8)
FN:64,(anonymous_9)
FN:65,(anonymous_10)
FN:70,(anonymous_11)
FNF:12
FNH:0
FNDA:0,(anonymous_0)
FNDA:0,(anonymous_1)
FNDA:0,(anonymous_2)
FNDA:0,(anonymous_3)
FNDA:0,(anonymous_4)
FNDA:0,(anonymous_5)
FNDA:0,(anonymous_6)
FNDA:0,(anonymous_7)
FNDA:0,(anonymous_8)
FNDA:0,(anonymous_9)
FNDA:0,(anonymous_10)
FNDA:0,(anonymous_11)
DA:5,1
DA:6,1
DA:7,0
DA:11,1
DA:12,1
DA:13,0
DA:18,1
DA:19,1
DA:20,0
DA:24,1
DA:25,1
DA:26,0
DA:30,1
DA:31,1
DA:32,0
DA:36,1
DA:37,1
DA:38,0
DA:42,1
DA:43,1
DA:44,0
DA:48,1
DA:49,1
DA:50,0
DA:51,0
DA:52,0
DA:54,0
DA:55,0
DA:58,0
DA:62,1
DA:63,1
DA:64,1
DA:65,1
DA:66,0
DA:67,0
DA:68,0
DA:70,0
LF:37
LH:20
BRDA:5,0,0,1
BRDA:5,0,1,0
BRDA:11,1,0,1
BRDA:11,1,1,0
BRDA:18,2,0,1
BRDA:18,2,1,0
BRDA:24,3,0,1
BRDA:24,3,1,0
BRDA:30,4,0,1
BRDA:30,4,1,0
BRDA:36,5,0,1
BRDA:36,5,1,0
BRDA:42,6,0,1
BRDA:42,6,1,0
BRDA:48,7,0,1
BRDA:48,7,1,0
BRDA:54,8,0,0
BRDA:54,8,1,0
BRDA:62,9,0,1
BRDA:62,9,1,0
BRF:20
BRH:9
end_of_record
TN:
SF:operations/positional.js
FN:3,(anonymous_0)
FN:11,(anonymous_1)
FN:19,(anonymous_2)
FNF:3
FNH:0
FNDA:0,(anonymous_0)
FNDA:0,(anonymous_1)
FNDA:0,(anonymous_2)
DA:1,1
DA:2,1
DA:4,0
DA:9,1
DA:10,1
DA:12,0
DA:17,1
DA:18,1
DA:20,0
LF:9
LH:6
BRDA:1,0,0,1
BRDA:1,0,1,0
BRDA:9,1,0,1
BRDA:9,1,1,0
BRDA:17,2,0,1
BRDA:17,2,1,0
BRF:6
BRH:3
end_of_record
TN:
SF:operations/transformations.js
FN:4,(anonymous_0)
FN:10,(anonymous_1)
FN:11,(anonymous_2)
FN:16,(anonymous_3)
FN:19,(anonymous_4)
FN:30,(anonymous_5)
FN:33,(anonymous_6)
FN:40,(anonymous_7)
FN:42,(anonymous_8)
FN:55,(anonymous_9)
FNF:10
FNH:0
FNDA:0,(anonymous_0)
FNDA:0,(anonymous_1)
FNDA:0,(anonymous_2)
FNDA:0,(anonymous_3)
FNDA:0,(anonymous_4)
FNDA:0,(anonymous_5)
FNDA:0,(anonymous_6)
FNDA:0,(anonymous_7)
FNDA:0,(anonymous_8)
FNDA:0,(anonymous_9)
DA:3,1
DA:4,1
DA:5,0
DA:9,1
DA:10,0
DA:11,0
DA:15,1
DA:16,1
DA:17,0
DA:19,0
DA:20,0
DA:21,0
DA:24,0
DA:29,1
DA:30,1
DA:31,0
DA:34,0
DA:39,1
DA:40,1
DA:41,0
DA:42,0
DA:43,0
DA:44,0
DA:45,0
DA:47,0
DA:50,0
DA:54,1
DA:55,1
DA:56,0
LF:29
LH:11
BRDA:3,0,0,1
BRDA:3,0,1,0
BRDA:9,1,0,0
BRDA:9,1,1,1
BRDA:15,2,0,1
BRDA:15,2,1,0
BRDA:20,3,0,0
BRDA:20,3,1,0
BRDA:20,4,0,0
BRDA:20,4,1,0
BRDA:29,5,0,1
BRDA:29,5,1,0
BRDA:39,6,0,1
BRDA:39,6,1,0
BRDA:44,7,0,0
BRDA:44,7,1,0
BRDA:54,8,0,1
BRDA:54,8,1,0
BRF:18
BRH:6
end_of_record
TN:
SF:shared/arithmetic.js
FN:7,addition
FN:16,halfPoint
FN:25,isEven
FN:34,isOdd
FN:44,multiplication
FN:54,subtraction
FNF:6
FNH:6
FNDA:1,addition
FNDA:2,halfPoint
FNDA:4,isEven
FNDA:2,isOdd
FNDA:1,multiplication
FNDA:1,subtraction
DA:8,1
DA:17,2
DA:26,4
DA:35,2
DA:45,1
DA:55,1
LF:6
LH:6
BRF:0
BRH:0
end_of_record
TN:
SF:shared/empty-values.js
FN:6,hasValue
FNF:1
FNH:0
FNDA:0,hasValue
DA:7,0
DA:9,0
LF:2
LH:0
BRDA:9,0,0,0
BRDA:9,0,1,0
BRF:2
BRH:0
end_of_record
TN:
SF:shared/nested-object.js
FN:1,(anonymous_0)
FN:3,(anonymous_1)
FNF:2
FNH:2
FNDA:32,(anonymous_0)
FNDA:32,(anonymous_1)
DA:1,2
DA:2,32
DA:3,32
LF:3
LH:3
BRF:0
BRH:0
end_of_record
